# JRE version: OpenJDK Runtime Environment (11.0.12+7) (build 11.0.12+7-b1504.28-7817840)
# Java VM: OpenJDK 64-Bit Server VM (11.0.12+7-b1504.28-7817840, mixed mode, tiered, compressed oops, g1 gc, windows-amd64)
Heap:
 garbage-first heap   total 155648K, used 22000K [0x0000000082000000, 0x0000000100000000)
  region size 1024K, 2 young (2048K), 2 survivors (2048K)
 Metaspace       used 35275K, capacity 35756K, committed 35888K, reserved 1081344K
  class space    used 4426K, capacity 4619K, committed 4736K, reserved 1048576K
GC Heap History (9 events):
Event: 0.887 GC heap before
{Heap before GC invocations=0 (full 0):
 garbage-first heap   total 129024K, used 27648K [0x0000000082000000, 0x0000000100000000)
  region size 1024K, 24 young (24576K), 0 survivors (0K)
 Metaspace       used 12352K, capacity 12504K, committed 12800K, reserved 1060864K
  class space    used 1163K, capacity 1207K, committed 1280K, reserved 1048576K
}
Event: 0.895 GC heap after
{Heap after GC invocations=1 (full 0):
 garbage-first heap   total 129024K, used 5930K [0x0000000082000000, 0x0000000100000000)
  region size 1024K, 3 young (3072K), 3 survivors (3072K)
 Metaspace       used 12352K, capacity 12504K, committed 12800K, reserved 1060864K
  class space    used 1163K, capacity 1207K, committed 1280K, reserved 1048576K
}
Event: 2.066 GC heap before
{Heap before GC invocations=1 (full 0):
 garbage-first heap   total 129024K, used 40746K [0x0000000082000000, 0x0000000100000000)
  region size 1024K, 38 young (38912K), 3 survivors (3072K)
 Metaspace       used 20960K, capacity 21184K, committed 21296K, reserved 1069056K
  class space    used 2284K, capacity 2384K, committed 2432K, reserved 1048576K
}
Event: 2.083 GC heap after
{Heap after GC invocations=2 (full 0):
 garbage-first heap   total 129024K, used 9524K [0x0000000082000000, 0x0000000100000000)
  region size 1024K, 7 young (7168K), 7 survivors (7168K)
 Metaspace       used 20960K, capacity 21184K, committed 21296K, reserved 1069056K
  class space    used 2284K, capacity 2384K, committed 2432K, reserved 1048576K
}
Event: 2.896 GC heap before
{Heap before GC invocations=3 (full 0):
 garbage-first heap   total 129024K, used 61748K [0x0000000082000000, 0x0000000100000000)
  region size 1024K, 53 young (54272K), 7 survivors (7168K)
 Metaspace       used 31851K, capacity 32348K, committed 32560K, reserved 1077248K
  class space    used 3978K, capacity 4165K, committed 4224K, reserved 1048576K
}
Event: 2.911 GC heap after
{Heap after GC invocations=4 (full 0):
 garbage-first heap   total 129024K, used 20451K [0x0000000082000000, 0x0000000100000000)
  region size 1024K, 7 young (7168K), 7 survivors (7168K)
 Metaspace       used 31851K, capacity 32348K, committed 32560K, reserved 1077248K
  class space    used 3978K, capacity 4165K, committed 4224K, reserved 1048576K
}
Event: 2.969 GC heap before
{Heap before GC invocations=4 (full 0):
 garbage-first heap   total 129024K, used 24547K [0x0000000082000000, 0x0000000100000000)
  region size 1024K, 11 young (11264K), 7 survivors (7168K)
 Metaspace       used 32774K, capacity 33313K, committed 33584K, reserved 1079296K
  class space    used 4143K, capacity 4359K, committed 4480K, reserved 1048576K
}
Event: 2.980 GC heap after
{Heap after GC invocations=5 (full 0):
 garbage-first heap   total 129024K, used 21888K [0x0000000082000000, 0x0000000100000000)
  region size 1024K, 1 young (1024K), 1 survivors (1024K)
 Metaspace       used 32774K, capacity 33313K, committed 33584K, reserved 1079296K
  class space    used 4143K, capacity 4359K, committed 4480K, reserved 1048576K
}
Event: 3.137 GC heap before
{Heap before GC invocations=5 (full 0):
 garbage-first heap   total 129024K, used 32128K [0x0000000082000000, 0x0000000100000000)
  region size 1024K, 12 young (12288K), 1 survivors (1024K)
 Metaspace       used 35275K, capacity 35756K, committed 35888K, reserved 1081344K
  class space    used 4426K, capacity 4619K, committed 4736K, reserved 1048576K
}

